[debug] [2021-06-21T07:57:09.266Z] ----------------------------------------------------------------------
[debug] [2021-06-21T07:57:09.270Z] Command:       C:\Program Files\nodejs\node.exe C:\Users\88017\AppData\Roaming\npm\node_modules\firebase-tools\lib\bin\firebase.js deploy
[debug] [2021-06-21T07:57:09.271Z] CLI Version:   9.12.1
[debug] [2021-06-21T07:57:09.271Z] Platform:      win32
[debug] [2021-06-21T07:57:09.271Z] Node Version:  v14.15.3
[debug] [2021-06-21T07:57:09.281Z] Time:          Mon Jun 21 2021 13:57:09 GMT+0600 (Bangladesh Standard Time)
[debug] [2021-06-21T07:57:09.282Z] ----------------------------------------------------------------------
[debug] 
[debug] [2021-06-21T07:57:09.313Z] >>> [apiv2][query] GET https://firebase-public.firebaseio.com/cli.json [none]
[debug] [2021-06-21T07:57:09.506Z] > command requires scopes: ["email","openid","https://www.googleapis.com/auth/cloudplatformprojects.readonly","https://www.googleapis.com/auth/firebase","https://www.googleapis.com/auth/cloud-platform"]
[debug] [2021-06-21T07:57:09.507Z] > authorizing via signed-in user (marirocks.bup@gmail.com)
[debug] [2021-06-21T07:57:09.507Z] [iam] checking project mariam-chowdhury-portfolio for permissions ["firebase.projects.get","firebasehosting.sites.update"]
[debug] [2021-06-21T07:57:09.511Z] > refreshing access token with scopes: ["email","https://www.googleapis.com/auth/cloud-platform","https://www.googleapis.com/auth/cloudplatformprojects.readonly","https://www.googleapis.com/auth/firebase","openid"]
[debug] [2021-06-21T07:57:09.512Z] >>> HTTP REQUEST POST https://www.googleapis.com/oauth2/v3/token  
 <request body omitted>
[debug] [2021-06-21T07:57:09.815Z] <<< HTTP RESPONSE 200 {"date":"Mon, 21 Jun 2021 07:57:07 GMT","pragma":"no-cache","expires":"Mon, 01 Jan 1990 00:00:00 GMT","cache-control":"no-cache, no-store, max-age=0, must-revalidate","content-type":"application/json; charset=utf-8","vary":"X-Origin, Referer, Origin,Accept-Encoding","server":"scaffolding on HTTPServer2","x-xss-protection":"0","x-frame-options":"SAMEORIGIN","x-content-type-options":"nosniff","alt-svc":"h3=\":443\"; ma=2592000,h3-29=\":443\"; ma=2592000,h3-T051=\":443\"; ma=2592000,h3-Q050=\":443\"; ma=2592000,h3-Q046=\":443\"; ma=2592000,h3-Q043=\":443\"; ma=2592000,quic=\":443\"; ma=2592000; v=\"46,43\"","accept-ranges":"none","transfer-encoding":"chunked"}
[debug] [2021-06-21T07:57:09.971Z] >>> HTTP REQUEST POST https://cloudresourcemanager.googleapis.com/v1/projects/mariam-chowdhury-portfolio:testIamPermissions  
 {"permissions":["firebase.projects.get","firebasehosting.sites.update"]}
[debug] [2021-06-21T07:57:10.716Z] <<< [apiv2][status] GET https://firebase-public.firebaseio.com/cli.json 200
[debug] [2021-06-21T07:57:10.718Z] <<< [apiv2][body] GET https://firebase-public.firebaseio.com/cli.json {"cloudBuildErrorAfter":1594252800000,"cloudBuildWarnAfter":1590019200000,"defaultNode10After":1594252800000,"minVersion":"3.0.5","node8DeploysDisabledAfter":1613390400000,"node8RuntimeDisabledAfter":1615809600000,"node8WarnAfter":1600128000000}
[debug] [2021-06-21T07:57:12.291Z] <<< HTTP RESPONSE 200 {"content-type":"application/json; charset=UTF-8","vary":"X-Origin, Referer, Origin,Accept-Encoding","date":"Mon, 21 Jun 2021 07:57:09 GMT","server":"ESF","cache-control":"private","x-xss-protection":"0","x-frame-options":"SAMEORIGIN","x-content-type-options":"nosniff","server-timing":"gfet4t7; dur=1265","alt-svc":"h3=\":443\"; ma=2592000,h3-29=\":443\"; ma=2592000,h3-T051=\":443\"; ma=2592000,h3-Q050=\":443\"; ma=2592000,h3-Q046=\":443\"; ma=2592000,h3-Q043=\":443\"; ma=2592000,quic=\":443\"; ma=2592000; v=\"46,43\"","accept-ranges":"none","transfer-encoding":"chunked"}
[debug] [2021-06-21T07:57:12.296Z] [iam] error while checking permissions, command may fail: FirebaseError: Authorization failed. This account is missing the following required permissions on project mariam-chowdhury-portfolio:

  firebase.projects.get
  firebasehosting.sites.update
[debug] [2021-06-21T07:57:12.298Z] > refreshing access token with scopes: []
[debug] [2021-06-21T07:57:12.298Z] >>> HTTP REQUEST POST https://www.googleapis.com/oauth2/v3/token  
 <request body omitted>
[debug] [2021-06-21T07:57:12.547Z] <<< HTTP RESPONSE 200 {"pragma":"no-cache","cache-control":"no-cache, no-store, max-age=0, must-revalidate","expires":"Mon, 01 Jan 1990 00:00:00 GMT","date":"Mon, 21 Jun 2021 07:57:10 GMT","content-type":"application/json; charset=utf-8","vary":"X-Origin, Referer, Origin,Accept-Encoding","server":"scaffolding on HTTPServer2","x-xss-protection":"0","x-frame-options":"SAMEORIGIN","x-content-type-options":"nosniff","alt-svc":"h3=\":443\"; ma=2592000,h3-29=\":443\"; ma=2592000,h3-T051=\":443\"; ma=2592000,h3-Q050=\":443\"; ma=2592000,h3-Q046=\":443\"; ma=2592000,h3-Q043=\":443\"; ma=2592000,quic=\":443\"; ma=2592000; v=\"46,43\"","accept-ranges":"none","transfer-encoding":"chunked"}
[debug] [2021-06-21T07:57:12.846Z] >>> [apiv2][query] GET https://firebase.googleapis.com/v1beta1/projects/mariam-chowdhury-portfolio [none]
[debug] [2021-06-21T07:57:13.433Z] <<< [apiv2][status] GET https://firebase.googleapis.com/v1beta1/projects/mariam-chowdhury-portfolio 403
[debug] [2021-06-21T07:57:13.434Z] <<< [apiv2][body] GET https://firebase.googleapis.com/v1beta1/projects/mariam-chowdhury-portfolio {"error":{"code":403,"message":"The caller does not have permission","status":"PERMISSION_DENIED"}}
[debug] [2021-06-21T07:57:13.435Z] HTTP Error: 403, The caller does not have permission
[debug] [2021-06-21T07:57:13.995Z] FirebaseError: HTTP Error: 403, The caller does not have permission
    at module.exports (C:\Users\88017\AppData\Roaming\npm\node_modules\firebase-tools\lib\responseToError.js:38:12)
    at Client.doRequest (C:\Users\88017\AppData\Roaming\npm\node_modules\firebase-tools\lib\apiv2.js:238:23)
    at processTicksAndRejections (internal/process/task_queues.js:93:5)
    at async Client.request (C:\Users\88017\AppData\Roaming\npm\node_modules\firebase-tools\lib\apiv2.js:96:20)
    at async Object.getFirebaseProject (C:\Users\88017\AppData\Roaming\npm\node_modules\firebase-tools\lib\management\projects.js:290:21)
    at async Object.getDefaultHostingSite (C:\Users\88017\AppData\Roaming\npm\node_modules\firebase-tools\lib\getDefaultHostingSite.js:8:21)
    at async requireHostingSite (C:\Users\88017\AppData\Roaming\npm\node_modules\firebase-tools\lib\requireHostingSite.js:9:18)
    at async Object.fn (C:\Users\88017\AppData\Roaming\npm\node_modules\firebase-tools\lib\commands\deploy.js:66:9)
    at async C:\Users\88017\AppData\Roaming\npm\node_modules\firebase-tools\lib\command.js:169:17
[error] 
[error] Error: Failed to get Firebase project mariam-chowdhury-portfolio. Please make sure the project exists and your account has permission to access it.
